The system is: Linux - 4.0.0y - x86_64
Compiling the C compiler identification source file "CMakeCCompilerId.c" succeeded.
Compiler: /usr/bin/cc 
Build flags: -I/home/babu/BUILD/kgmplayer-4.3.0/include
Id flags:  

The output was:
0


Compilation of the C compiler identification source "CMakeCCompilerId.c" produced "a.out"

The C compiler identification is GNU, found in "/home/babu/BUILD/kgmplayer-4.3.0/x265/build/CMakeFiles/3.18.3/CompilerIdC/a.out"

Compiling the CXX compiler identification source file "CMakeCXXCompilerId.cpp" succeeded.
Compiler: /usr/bin/c++ 
Build flags: 
Id flags:  

The output was:
0


Compilation of the CXX compiler identification source "CMakeCXXCompilerId.cpp" produced "a.out"

The CXX compiler identification is GNU, found in "/home/babu/BUILD/kgmplayer-4.3.0/x265/build/CMakeFiles/3.18.3/CompilerIdCXX/a.out"

Detecting C compiler ABI info compiled with the following output:
Change Dir: /home/babu/BUILD/kgmplayer-4.3.0/x265/build/CMakeFiles/CMakeTmp

Run Build Command(s):/usr/bin/gmake cmTC_a5321/fast && gmake[1]: Entering directory '/home/babu/BUILD/kgmplayer-4.3.0/x265/build/CMakeFiles/CMakeTmp'
/usr/bin/gmake  -f CMakeFiles/cmTC_a5321.dir/build.make CMakeFiles/cmTC_a5321.dir/build
gmake[2]: Entering directory '/home/babu/BUILD/kgmplayer-4.3.0/x265/build/CMakeFiles/CMakeTmp'
Building C object CMakeFiles/cmTC_a5321.dir/CMakeCCompilerABI.c.o
/usr/bin/cc   -I/home/babu/BUILD/kgmplayer-4.3.0/include    -v -o CMakeFiles/cmTC_a5321.dir/CMakeCCompilerABI.c.o -c /usr/share/cmake-3.18/Modules/CMakeCCompilerABI.c
Using built-in specs.
COLLECT_GCC=/usr/bin/cc
Target: x86_64-unknown-linux-gnu
Configured with: ../gcc-4.8.2/configure --prefix=/usr --libdir=/usr/lib --enable-shared --enable-threads=posix --enable-__cxa_atexit --enable-clocale=gnu --disable-multilib --with-system-zlib --enable-lto --enable-languages=c,c++,fortran,java,objc,obj-c++
Thread model: posix
gcc version 4.8.2 (GCC) 
COLLECT_GCC_OPTIONS='-I' '/home/babu/BUILD/kgmplayer-4.3.0/include' '-v' '-o' 'CMakeFiles/cmTC_a5321.dir/CMakeCCompilerABI.c.o' '-c' '-mtune=generic' '-march=x86-64'
 /usr/libexec/gcc/x86_64-unknown-linux-gnu/4.8.2/cc1 -quiet -v -I /home/babu/BUILD/kgmplayer-4.3.0/include /usr/share/cmake-3.18/Modules/CMakeCCompilerABI.c -quiet -dumpbase CMakeCCompilerABI.c -mtune=generic -march=x86-64 -auxbase-strip CMakeFiles/cmTC_a5321.dir/CMakeCCompilerABI.c.o -version -o /tmp/cctIUEBg.s
GNU C (GCC) version 4.8.2 (x86_64-unknown-linux-gnu)
	compiled by GNU C version 4.8.2, GMP version 5.1.3, MPFR version 3.1.2, MPC version 1.0.2
warning: GMP header version 5.1.3 differs from library version 6.1.0.
GGC heuristics: --param ggc-min-expand=100 --param ggc-min-heapsize=131072
ignoring nonexistent directory "/usr/lib/gcc/x86_64-unknown-linux-gnu/4.8.2/../../../../x86_64-unknown-linux-gnu/include"
#include "..." search starts here:
#include <...> search starts here:
 /home/babu/BUILD/kgmplayer-4.3.0/include
 /usr/X11R76/include
 /usr/lib/gcc/x86_64-unknown-linux-gnu/4.8.2/include
 /usr/local/include
 /usr/lib/gcc/x86_64-unknown-linux-gnu/4.8.2/include-fixed
 /usr/include
End of search list.
GNU C (GCC) version 4.8.2 (x86_64-unknown-linux-gnu)
	compiled by GNU C version 4.8.2, GMP version 5.1.3, MPFR version 3.1.2, MPC version 1.0.2
warning: GMP header version 5.1.3 differs from library version 6.1.0.
GGC heuristics: --param ggc-min-expand=100 --param ggc-min-heapsize=131072
Compiler executable checksum: ea442c51a3da233fede1954b9ab43649
COLLECT_GCC_OPTIONS='-I' '/home/babu/BUILD/kgmplayer-4.3.0/include' '-v' '-o' 'CMakeFiles/cmTC_a5321.dir/CMakeCCompilerABI.c.o' '-c' '-mtune=generic' '-march=x86-64'
 as -v -I /home/babu/BUILD/kgmplayer-4.3.0/include --64 -o CMakeFiles/cmTC_a5321.dir/CMakeCCompilerABI.c.o /tmp/cctIUEBg.s
GNU assembler version 2.24 (x86_64-unknown-linux-gnu) using BFD version (GNU Binutils) 2.24
COMPILER_PATH=/usr/libexec/gcc/x86_64-unknown-linux-gnu/4.8.2/:/usr/libexec/gcc/x86_64-unknown-linux-gnu/4.8.2/:/usr/libexec/gcc/x86_64-unknown-linux-gnu/:/usr/lib/gcc/x86_64-unknown-linux-gnu/4.8.2/:/usr/lib/gcc/x86_64-unknown-linux-gnu/
LIBRARY_PATH=/usr/lib/gcc/x86_64-unknown-linux-gnu/4.8.2/:/usr/lib/gcc/x86_64-unknown-linux-gnu/4.8.2/../../../../lib64/:/lib/../lib64/:/usr/lib/../lib64/:/usr/X11R76/lib/:/usr/lib/gcc/x86_64-unknown-linux-gnu/4.8.2/../../../:/lib/:/usr/lib/
COLLECT_GCC_OPTIONS='-I' '/home/babu/BUILD/kgmplayer-4.3.0/include' '-v' '-o' 'CMakeFiles/cmTC_a5321.dir/CMakeCCompilerABI.c.o' '-c' '-mtune=generic' '-march=x86-64'
Linking C executable cmTC_a5321
/usr/bin/cmake -E cmake_link_script CMakeFiles/cmTC_a5321.dir/link.txt --verbose=1
/usr/bin/cc -I/home/babu/BUILD/kgmplayer-4.3.0/include  -L/home/babu/BUILD/kgmplayer-4.3.0/lib -v -rdynamic CMakeFiles/cmTC_a5321.dir/CMakeCCompilerABI.c.o -o cmTC_a5321 
Using built-in specs.
COLLECT_GCC=/usr/bin/cc
COLLECT_LTO_WRAPPER=/usr/libexec/gcc/x86_64-unknown-linux-gnu/4.8.2/lto-wrapper
Target: x86_64-unknown-linux-gnu
Configured with: ../gcc-4.8.2/configure --prefix=/usr --libdir=/usr/lib --enable-shared --enable-threads=posix --enable-__cxa_atexit --enable-clocale=gnu --disable-multilib --with-system-zlib --enable-lto --enable-languages=c,c++,fortran,java,objc,obj-c++
Thread model: posix
gcc version 4.8.2 (GCC) 
COMPILER_PATH=/usr/libexec/gcc/x86_64-unknown-linux-gnu/4.8.2/:/usr/libexec/gcc/x86_64-unknown-linux-gnu/4.8.2/:/usr/libexec/gcc/x86_64-unknown-linux-gnu/:/usr/lib/gcc/x86_64-unknown-linux-gnu/4.8.2/:/usr/lib/gcc/x86_64-unknown-linux-gnu/
LIBRARY_PATH=/usr/lib/gcc/x86_64-unknown-linux-gnu/4.8.2/:/usr/lib/gcc/x86_64-unknown-linux-gnu/4.8.2/../../../../lib64/:/lib/../lib64/:/usr/lib/../lib64/:/usr/X11R76/lib/:/usr/lib/gcc/x86_64-unknown-linux-gnu/4.8.2/../../../:/lib/:/usr/lib/
COLLECT_GCC_OPTIONS='-I' '/home/babu/BUILD/kgmplayer-4.3.0/include' '-L/home/babu/BUILD/kgmplayer-4.3.0/lib' '-v' '-rdynamic' '-o' 'cmTC_a5321' '-mtune=generic' '-march=x86-64'
 /usr/libexec/gcc/x86_64-unknown-linux-gnu/4.8.2/collect2 --eh-frame-hdr -m elf_x86_64 -export-dynamic -dynamic-linker /lib64/ld-linux-x86-64.so.2 -o cmTC_a5321 /usr/lib/gcc/x86_64-unknown-linux-gnu/4.8.2/../../../../lib64/crt1.o /usr/lib/gcc/x86_64-unknown-linux-gnu/4.8.2/../../../../lib64/crti.o /usr/lib/gcc/x86_64-unknown-linux-gnu/4.8.2/crtbegin.o -L/home/babu/BUILD/kgmplayer-4.3.0/lib -L/usr/lib/gcc/x86_64-unknown-linux-gnu/4.8.2 -L/usr/lib/gcc/x86_64-unknown-linux-gnu/4.8.2/../../../../lib64 -L/lib/../lib64 -L/usr/lib/../lib64 -L/usr/X11R76/lib -L/usr/lib/gcc/x86_64-unknown-linux-gnu/4.8.2/../../.. CMakeFiles/cmTC_a5321.dir/CMakeCCompilerABI.c.o -lgcc --as-needed -lgcc_s --no-as-needed -lc -lgcc --as-needed -lgcc_s --no-as-needed /usr/lib/gcc/x86_64-unknown-linux-gnu/4.8.2/crtend.o /usr/lib/gcc/x86_64-unknown-linux-gnu/4.8.2/../../../../lib64/crtn.o
gmake[2]: Leaving directory '/home/babu/BUILD/kgmplayer-4.3.0/x265/build/CMakeFiles/CMakeTmp'
gmake[1]: Leaving directory '/home/babu/BUILD/kgmplayer-4.3.0/x265/build/CMakeFiles/CMakeTmp'



Parsed C implicit include dir info from above output: rv=done
  found start of include info
  found start of implicit include info
    add: [/home/babu/BUILD/kgmplayer-4.3.0/include]
    add: [/usr/X11R76/include]
    add: [/usr/lib/gcc/x86_64-unknown-linux-gnu/4.8.2/include]
    add: [/usr/local/include]
    add: [/usr/lib/gcc/x86_64-unknown-linux-gnu/4.8.2/include-fixed]
    add: [/usr/include]
  end of search list found
  collapse include dir [/home/babu/BUILD/kgmplayer-4.3.0/include] ==> [/home/babu/BUILD/kgmplayer-4.3.0/include]
  collapse include dir [/usr/X11R76/include] ==> [/usr/X11R76/include]
  collapse include dir [/usr/lib/gcc/x86_64-unknown-linux-gnu/4.8.2/include] ==> [/usr/lib/gcc/x86_64-unknown-linux-gnu/4.8.2/include]
  collapse include dir [/usr/local/include] ==> [/usr/local/include]
  collapse include dir [/usr/lib/gcc/x86_64-unknown-linux-gnu/4.8.2/include-fixed] ==> [/usr/lib/gcc/x86_64-unknown-linux-gnu/4.8.2/include-fixed]
  collapse include dir [/usr/include] ==> [/usr/include]
  implicit include dirs: [/home/babu/BUILD/kgmplayer-4.3.0/include;/usr/X11R76/include;/usr/lib/gcc/x86_64-unknown-linux-gnu/4.8.2/include;/usr/local/include;/usr/lib/gcc/x86_64-unknown-linux-gnu/4.8.2/include-fixed;/usr/include]


Parsed C implicit link information from above output:
  link line regex: [^( *|.*[/\])(ld|CMAKE_LINK_STARTFILE-NOTFOUND|([^/\]+-)?ld|collect2)[^/\]*( |$)]
  ignore line: [Change Dir: /home/babu/BUILD/kgmplayer-4.3.0/x265/build/CMakeFiles/CMakeTmp]
  ignore line: []
  ignore line: [Run Build Command(s):/usr/bin/gmake cmTC_a5321/fast && gmake[1]: Entering directory '/home/babu/BUILD/kgmplayer-4.3.0/x265/build/CMakeFiles/CMakeTmp']
  ignore line: [/usr/bin/gmake  -f CMakeFiles/cmTC_a5321.dir/build.make CMakeFiles/cmTC_a5321.dir/build]
  ignore line: [gmake[2]: Entering directory '/home/babu/BUILD/kgmplayer-4.3.0/x265/build/CMakeFiles/CMakeTmp']
  ignore line: [Building C object CMakeFiles/cmTC_a5321.dir/CMakeCCompilerABI.c.o]
  ignore line: [/usr/bin/cc   -I/home/babu/BUILD/kgmplayer-4.3.0/include    -v -o CMakeFiles/cmTC_a5321.dir/CMakeCCompilerABI.c.o -c /usr/share/cmake-3.18/Modules/CMakeCCompilerABI.c]
  ignore line: [Using built-in specs.]
  ignore line: [COLLECT_GCC=/usr/bin/cc]
  ignore line: [Target: x86_64-unknown-linux-gnu]
  ignore line: [Configured with: ../gcc-4.8.2/configure --prefix=/usr --libdir=/usr/lib --enable-shared --enable-threads=posix --enable-__cxa_atexit --enable-clocale=gnu --disable-multilib --with-system-zlib --enable-lto --enable-languages=c c++ fortran java objc obj-c++]
  ignore line: [Thread model: posix]
  ignore line: [gcc version 4.8.2 (GCC) ]
  ignore line: [COLLECT_GCC_OPTIONS='-I' '/home/babu/BUILD/kgmplayer-4.3.0/include' '-v' '-o' 'CMakeFiles/cmTC_a5321.dir/CMakeCCompilerABI.c.o' '-c' '-mtune=generic' '-march=x86-64']
  ignore line: [ /usr/libexec/gcc/x86_64-unknown-linux-gnu/4.8.2/cc1 -quiet -v -I /home/babu/BUILD/kgmplayer-4.3.0/include /usr/share/cmake-3.18/Modules/CMakeCCompilerABI.c -quiet -dumpbase CMakeCCompilerABI.c -mtune=generic -march=x86-64 -auxbase-strip CMakeFiles/cmTC_a5321.dir/CMakeCCompilerABI.c.o -version -o /tmp/cctIUEBg.s]
  ignore line: [GNU C (GCC) version 4.8.2 (x86_64-unknown-linux-gnu)]
  ignore line: [	compiled by GNU C version 4.8.2  GMP version 5.1.3  MPFR version 3.1.2  MPC version 1.0.2]
  ignore line: [warning: GMP header version 5.1.3 differs from library version 6.1.0.]
  ignore line: [GGC heuristics: --param ggc-min-expand=100 --param ggc-min-heapsize=131072]
  ignore line: [ignoring nonexistent directory "/usr/lib/gcc/x86_64-unknown-linux-gnu/4.8.2/../../../../x86_64-unknown-linux-gnu/include"]
  ignore line: [#include "..." search starts here:]
  ignore line: [#include <...> search starts here:]
  ignore line: [ /home/babu/BUILD/kgmplayer-4.3.0/include]
  ignore line: [ /usr/X11R76/include]
  ignore line: [ /usr/lib/gcc/x86_64-unknown-linux-gnu/4.8.2/include]
  ignore line: [ /usr/local/include]
  ignore line: [ /usr/lib/gcc/x86_64-unknown-linux-gnu/4.8.2/include-fixed]
  ignore line: [ /usr/include]
  ignore line: [End of search list.]
  ignore line: [GNU C (GCC) version 4.8.2 (x86_64-unknown-linux-gnu)]
  ignore line: [	compiled by GNU C version 4.8.2  GMP version 5.1.3  MPFR version 3.1.2  MPC version 1.0.2]
  ignore line: [warning: GMP header version 5.1.3 differs from library version 6.1.0.]
  ignore line: [GGC heuristics: --param ggc-min-expand=100 --param ggc-min-heapsize=131072]
  ignore line: [Compiler executable checksum: ea442c51a3da233fede1954b9ab43649]
  ignore line: [COLLECT_GCC_OPTIONS='-I' '/home/babu/BUILD/kgmplayer-4.3.0/include' '-v' '-o' 'CMakeFiles/cmTC_a5321.dir/CMakeCCompilerABI.c.o' '-c' '-mtune=generic' '-march=x86-64']
  ignore line: [ as -v -I /home/babu/BUILD/kgmplayer-4.3.0/include --64 -o CMakeFiles/cmTC_a5321.dir/CMakeCCompilerABI.c.o /tmp/cctIUEBg.s]
  ignore line: [GNU assembler version 2.24 (x86_64-unknown-linux-gnu) using BFD version (GNU Binutils) 2.24]
  ignore line: [COMPILER_PATH=/usr/libexec/gcc/x86_64-unknown-linux-gnu/4.8.2/:/usr/libexec/gcc/x86_64-unknown-linux-gnu/4.8.2/:/usr/libexec/gcc/x86_64-unknown-linux-gnu/:/usr/lib/gcc/x86_64-unknown-linux-gnu/4.8.2/:/usr/lib/gcc/x86_64-unknown-linux-gnu/]
  ignore line: [LIBRARY_PATH=/usr/lib/gcc/x86_64-unknown-linux-gnu/4.8.2/:/usr/lib/gcc/x86_64-unknown-linux-gnu/4.8.2/../../../../lib64/:/lib/../lib64/:/usr/lib/../lib64/:/usr/X11R76/lib/:/usr/lib/gcc/x86_64-unknown-linux-gnu/4.8.2/../../../:/lib/:/usr/lib/]
  ignore line: [COLLECT_GCC_OPTIONS='-I' '/home/babu/BUILD/kgmplayer-4.3.0/include' '-v' '-o' 'CMakeFiles/cmTC_a5321.dir/CMakeCCompilerABI.c.o' '-c' '-mtune=generic' '-march=x86-64']
  ignore line: [Linking C executable cmTC_a5321]
  ignore line: [/usr/bin/cmake -E cmake_link_script CMakeFiles/cmTC_a5321.dir/link.txt --verbose=1]
  ignore line: [/usr/bin/cc -I/home/babu/BUILD/kgmplayer-4.3.0/include  -L/home/babu/BUILD/kgmplayer-4.3.0/lib -v -rdynamic CMakeFiles/cmTC_a5321.dir/CMakeCCompilerABI.c.o -o cmTC_a5321 ]
  ignore line: [Using built-in specs.]
  ignore line: [COLLECT_GCC=/usr/bin/cc]
  ignore line: [COLLECT_LTO_WRAPPER=/usr/libexec/gcc/x86_64-unknown-linux-gnu/4.8.2/lto-wrapper]
  ignore line: [Target: x86_64-unknown-linux-gnu]
  ignore line: [Configured with: ../gcc-4.8.2/configure --prefix=/usr --libdir=/usr/lib --enable-shared --enable-threads=posix --enable-__cxa_atexit --enable-clocale=gnu --disable-multilib --with-system-zlib --enable-lto --enable-languages=c c++ fortran java objc obj-c++]
  ignore line: [Thread model: posix]
  ignore line: [gcc version 4.8.2 (GCC) ]
  ignore line: [COMPILER_PATH=/usr/libexec/gcc/x86_64-unknown-linux-gnu/4.8.2/:/usr/libexec/gcc/x86_64-unknown-linux-gnu/4.8.2/:/usr/libexec/gcc/x86_64-unknown-linux-gnu/:/usr/lib/gcc/x86_64-unknown-linux-gnu/4.8.2/:/usr/lib/gcc/x86_64-unknown-linux-gnu/]
  ignore line: [LIBRARY_PATH=/usr/lib/gcc/x86_64-unknown-linux-gnu/4.8.2/:/usr/lib/gcc/x86_64-unknown-linux-gnu/4.8.2/../../../../lib64/:/lib/../lib64/:/usr/lib/../lib64/:/usr/X11R76/lib/:/usr/lib/gcc/x86_64-unknown-linux-gnu/4.8.2/../../../:/lib/:/usr/lib/]
  ignore line: [COLLECT_GCC_OPTIONS='-I' '/home/babu/BUILD/kgmplayer-4.3.0/include' '-L/home/babu/BUILD/kgmplayer-4.3.0/lib' '-v' '-rdynamic' '-o' 'cmTC_a5321' '-mtune=generic' '-march=x86-64']
  link line: [ /usr/libexec/gcc/x86_64-unknown-linux-gnu/4.8.2/collect2 --eh-frame-hdr -m elf_x86_64 -export-dynamic -dynamic-linker /lib64/ld-linux-x86-64.so.2 -o cmTC_a5321 /usr/lib/gcc/x86_64-unknown-linux-gnu/4.8.2/../../../../lib64/crt1.o /usr/lib/gcc/x86_64-unknown-linux-gnu/4.8.2/../../../../lib64/crti.o /usr/lib/gcc/x86_64-unknown-linux-gnu/4.8.2/crtbegin.o -L/home/babu/BUILD/kgmplayer-4.3.0/lib -L/usr/lib/gcc/x86_64-unknown-linux-gnu/4.8.2 -L/usr/lib/gcc/x86_64-unknown-linux-gnu/4.8.2/../../../../lib64 -L/lib/../lib64 -L/usr/lib/../lib64 -L/usr/X11R76/lib -L/usr/lib/gcc/x86_64-unknown-linux-gnu/4.8.2/../../.. CMakeFiles/cmTC_a5321.dir/CMakeCCompilerABI.c.o -lgcc --as-needed -lgcc_s --no-as-needed -lc -lgcc --as-needed -lgcc_s --no-as-needed /usr/lib/gcc/x86_64-unknown-linux-gnu/4.8.2/crtend.o /usr/lib/gcc/x86_64-unknown-linux-gnu/4.8.2/../../../../lib64/crtn.o]
    arg [/usr/libexec/gcc/x86_64-unknown-linux-gnu/4.8.2/collect2] ==> ignore
    arg [--eh-frame-hdr] ==> ignore
    arg [-m] ==> ignore
    arg [elf_x86_64] ==> ignore
    arg [-export-dynamic] ==> ignore
    arg [-dynamic-linker] ==> ignore
    arg [/lib64/ld-linux-x86-64.so.2] ==> ignore
    arg [-o] ==> ignore
    arg [cmTC_a5321] ==> ignore
    arg [/usr/lib/gcc/x86_64-unknown-linux-gnu/4.8.2/../../../../lib64/crt1.o] ==> ignore
    arg [/usr/lib/gcc/x86_64-unknown-linux-gnu/4.8.2/../../../../lib64/crti.o] ==> ignore
    arg [/usr/lib/gcc/x86_64-unknown-linux-gnu/4.8.2/crtbegin.o] ==> ignore
    arg [-L/home/babu/BUILD/kgmplayer-4.3.0/lib] ==> dir [/home/babu/BUILD/kgmplayer-4.3.0/lib]
    arg [-L/usr/lib/gcc/x86_64-unknown-linux-gnu/4.8.2] ==> dir [/usr/lib/gcc/x86_64-unknown-linux-gnu/4.8.2]
    arg [-L/usr/lib/gcc/x86_64-unknown-linux-gnu/4.8.2/../../../../lib64] ==> dir [/usr/lib/gcc/x86_64-unknown-linux-gnu/4.8.2/../../../../lib64]
    arg [-L/lib/../lib64] ==> dir [/lib/../lib64]
    arg [-L/usr/lib/../lib64] ==> dir [/usr/lib/../lib64]
    arg [-L/usr/X11R76/lib] ==> dir [/usr/X11R76/lib]
    arg [-L/usr/lib/gcc/x86_64-unknown-linux-gnu/4.8.2/../../..] ==> dir [/usr/lib/gcc/x86_64-unknown-linux-gnu/4.8.2/../../..]
    arg [CMakeFiles/cmTC_a5321.dir/CMakeCCompilerABI.c.o] ==> ignore
    arg [-lgcc] ==> lib [gcc]
    arg [--as-needed] ==> ignore
    arg [-lgcc_s] ==> lib [gcc_s]
    arg [--no-as-needed] ==> ignore
    arg [-lc] ==> lib [c]
    arg [-lgcc] ==> lib [gcc]
    arg [--as-needed] ==> ignore
    arg [-lgcc_s] ==> lib [gcc_s]
    arg [--no-as-needed] ==> ignore
    arg [/usr/lib/gcc/x86_64-unknown-linux-gnu/4.8.2/crtend.o] ==> ignore
    arg [/usr/lib/gcc/x86_64-unknown-linux-gnu/4.8.2/../../../../lib64/crtn.o] ==> ignore
  collapse library dir [/home/babu/BUILD/kgmplayer-4.3.0/lib] ==> [/home/babu/BUILD/kgmplayer-4.3.0/lib]
  collapse library dir [/usr/lib/gcc/x86_64-unknown-linux-gnu/4.8.2] ==> [/usr/lib/gcc/x86_64-unknown-linux-gnu/4.8.2]
  collapse library dir [/usr/lib/gcc/x86_64-unknown-linux-gnu/4.8.2/../../../../lib64] ==> [/usr/lib64]
  collapse library dir [/lib/../lib64] ==> [/lib64]
  collapse library dir [/usr/lib/../lib64] ==> [/usr/lib64]
  collapse library dir [/usr/X11R76/lib] ==> [/usr/X11R76/lib]
  collapse library dir [/usr/lib/gcc/x86_64-unknown-linux-gnu/4.8.2/../../..] ==> [/usr/lib]
  implicit libs: [gcc;gcc_s;c;gcc;gcc_s]
  implicit dirs: [/home/babu/BUILD/kgmplayer-4.3.0/lib;/usr/lib/gcc/x86_64-unknown-linux-gnu/4.8.2;/usr/lib64;/lib64;/usr/X11R76/lib;/usr/lib]
  implicit fwks: []


Detecting CXX compiler ABI info compiled with the following output:
Change Dir: /home/babu/BUILD/kgmplayer-4.3.0/x265/build/CMakeFiles/CMakeTmp

Run Build Command(s):/usr/bin/gmake cmTC_3c0f5/fast && gmake[1]: Entering directory '/home/babu/BUILD/kgmplayer-4.3.0/x265/build/CMakeFiles/CMakeTmp'
/usr/bin/gmake  -f CMakeFiles/cmTC_3c0f5.dir/build.make CMakeFiles/cmTC_3c0f5.dir/build
gmake[2]: Entering directory '/home/babu/BUILD/kgmplayer-4.3.0/x265/build/CMakeFiles/CMakeTmp'
Building CXX object CMakeFiles/cmTC_3c0f5.dir/CMakeCXXCompilerABI.cpp.o
/usr/bin/c++   -v -o CMakeFiles/cmTC_3c0f5.dir/CMakeCXXCompilerABI.cpp.o -c /usr/share/cmake-3.18/Modules/CMakeCXXCompilerABI.cpp
Using built-in specs.
COLLECT_GCC=/usr/bin/c++
Target: x86_64-unknown-linux-gnu
Configured with: ../gcc-4.8.2/configure --prefix=/usr --libdir=/usr/lib --enable-shared --enable-threads=posix --enable-__cxa_atexit --enable-clocale=gnu --disable-multilib --with-system-zlib --enable-lto --enable-languages=c,c++,fortran,java,objc,obj-c++
Thread model: posix
gcc version 4.8.2 (GCC) 
COLLECT_GCC_OPTIONS='-v' '-o' 'CMakeFiles/cmTC_3c0f5.dir/CMakeCXXCompilerABI.cpp.o' '-c' '-shared-libgcc' '-mtune=generic' '-march=x86-64'
 /usr/libexec/gcc/x86_64-unknown-linux-gnu/4.8.2/cc1plus -quiet -v -D_GNU_SOURCE /usr/share/cmake-3.18/Modules/CMakeCXXCompilerABI.cpp -quiet -dumpbase CMakeCXXCompilerABI.cpp -mtune=generic -march=x86-64 -auxbase-strip CMakeFiles/cmTC_3c0f5.dir/CMakeCXXCompilerABI.cpp.o -version -o /tmp/ccG9mRjn.s
GNU C++ (GCC) version 4.8.2 (x86_64-unknown-linux-gnu)
	compiled by GNU C version 4.8.2, GMP version 5.1.3, MPFR version 3.1.2, MPC version 1.0.2
warning: GMP header version 5.1.3 differs from library version 6.1.0.
GGC heuristics: --param ggc-min-expand=100 --param ggc-min-heapsize=131072
ignoring nonexistent directory "/usr/lib/gcc/x86_64-unknown-linux-gnu/4.8.2/../../../../x86_64-unknown-linux-gnu/include"
#include "..." search starts here:
#include <...> search starts here:
 /usr/X11R76/include
 /usr/lib/gcc/x86_64-unknown-linux-gnu/4.8.2/../../../../include/c++/4.8.2
 /usr/lib/gcc/x86_64-unknown-linux-gnu/4.8.2/../../../../include/c++/4.8.2/x86_64-unknown-linux-gnu
 /usr/lib/gcc/x86_64-unknown-linux-gnu/4.8.2/../../../../include/c++/4.8.2/backward
 /usr/lib/gcc/x86_64-unknown-linux-gnu/4.8.2/include
 /usr/local/include
 /usr/lib/gcc/x86_64-unknown-linux-gnu/4.8.2/include-fixed
 /usr/include
End of search list.
GNU C++ (GCC) version 4.8.2 (x86_64-unknown-linux-gnu)
	compiled by GNU C version 4.8.2, GMP version 5.1.3, MPFR version 3.1.2, MPC version 1.0.2
warning: GMP header version 5.1.3 differs from library version 6.1.0.
GGC heuristics: --param ggc-min-expand=100 --param ggc-min-heapsize=131072
Compiler executable checksum: 151fee3d8dfc6810457aea07400732dc
COLLECT_GCC_OPTIONS='-v' '-o' 'CMakeFiles/cmTC_3c0f5.dir/CMakeCXXCompilerABI.cpp.o' '-c' '-shared-libgcc' '-mtune=generic' '-march=x86-64'
 as -v --64 -o CMakeFiles/cmTC_3c0f5.dir/CMakeCXXCompilerABI.cpp.o /tmp/ccG9mRjn.s
GNU assembler version 2.24 (x86_64-unknown-linux-gnu) using BFD version (GNU Binutils) 2.24
COMPILER_PATH=/usr/libexec/gcc/x86_64-unknown-linux-gnu/4.8.2/:/usr/libexec/gcc/x86_64-unknown-linux-gnu/4.8.2/:/usr/libexec/gcc/x86_64-unknown-linux-gnu/:/usr/lib/gcc/x86_64-unknown-linux-gnu/4.8.2/:/usr/lib/gcc/x86_64-unknown-linux-gnu/
LIBRARY_PATH=/usr/lib/gcc/x86_64-unknown-linux-gnu/4.8.2/:/usr/lib/gcc/x86_64-unknown-linux-gnu/4.8.2/../../../../lib64/:/lib/../lib64/:/usr/lib/../lib64/:/usr/X11R76/lib/:/usr/lib/gcc/x86_64-unknown-linux-gnu/4.8.2/../../../:/lib/:/usr/lib/
COLLECT_GCC_OPTIONS='-v' '-o' 'CMakeFiles/cmTC_3c0f5.dir/CMakeCXXCompilerABI.cpp.o' '-c' '-shared-libgcc' '-mtune=generic' '-march=x86-64'
Linking CXX executable cmTC_3c0f5
/usr/bin/cmake -E cmake_link_script CMakeFiles/cmTC_3c0f5.dir/link.txt --verbose=1
/usr/bin/c++ -L/home/babu/BUILD/kgmplayer-4.3.0/lib -v -rdynamic CMakeFiles/cmTC_3c0f5.dir/CMakeCXXCompilerABI.cpp.o -o cmTC_3c0f5 
Using built-in specs.
COLLECT_GCC=/usr/bin/c++
COLLECT_LTO_WRAPPER=/usr/libexec/gcc/x86_64-unknown-linux-gnu/4.8.2/lto-wrapper
Target: x86_64-unknown-linux-gnu
Configured with: ../gcc-4.8.2/configure --prefix=/usr --libdir=/usr/lib --enable-shared --enable-threads=posix --enable-__cxa_atexit --enable-clocale=gnu --disable-multilib --with-system-zlib --enable-lto --enable-languages=c,c++,fortran,java,objc,obj-c++
Thread model: posix
gcc version 4.8.2 (GCC) 
COMPILER_PATH=/usr/libexec/gcc/x86_64-unknown-linux-gnu/4.8.2/:/usr/libexec/gcc/x86_64-unknown-linux-gnu/4.8.2/:/usr/libexec/gcc/x86_64-unknown-linux-gnu/:/usr/lib/gcc/x86_64-unknown-linux-gnu/4.8.2/:/usr/lib/gcc/x86_64-unknown-linux-gnu/
LIBRARY_PATH=/usr/lib/gcc/x86_64-unknown-linux-gnu/4.8.2/:/usr/lib/gcc/x86_64-unknown-linux-gnu/4.8.2/../../../../lib64/:/lib/../lib64/:/usr/lib/../lib64/:/usr/X11R76/lib/:/usr/lib/gcc/x86_64-unknown-linux-gnu/4.8.2/../../../:/lib/:/usr/lib/
COLLECT_GCC_OPTIONS='-L/home/babu/BUILD/kgmplayer-4.3.0/lib' '-v' '-rdynamic' '-o' 'cmTC_3c0f5' '-shared-libgcc' '-mtune=generic' '-march=x86-64'
 /usr/libexec/gcc/x86_64-unknown-linux-gnu/4.8.2/collect2 --eh-frame-hdr -m elf_x86_64 -export-dynamic -dynamic-linker /lib64/ld-linux-x86-64.so.2 -o cmTC_3c0f5 /usr/lib/gcc/x86_64-unknown-linux-gnu/4.8.2/../../../../lib64/crt1.o /usr/lib/gcc/x86_64-unknown-linux-gnu/4.8.2/../../../../lib64/crti.o /usr/lib/gcc/x86_64-unknown-linux-gnu/4.8.2/crtbegin.o -L/home/babu/BUILD/kgmplayer-4.3.0/lib -L/usr/lib/gcc/x86_64-unknown-linux-gnu/4.8.2 -L/usr/lib/gcc/x86_64-unknown-linux-gnu/4.8.2/../../../../lib64 -L/lib/../lib64 -L/usr/lib/../lib64 -L/usr/X11R76/lib -L/usr/lib/gcc/x86_64-unknown-linux-gnu/4.8.2/../../.. CMakeFiles/cmTC_3c0f5.dir/CMakeCXXCompilerABI.cpp.o -lstdc++ -lm -lgcc_s -lgcc -lc -lgcc_s -lgcc /usr/lib/gcc/x86_64-unknown-linux-gnu/4.8.2/crtend.o /usr/lib/gcc/x86_64-unknown-linux-gnu/4.8.2/../../../../lib64/crtn.o
gmake[2]: Leaving directory '/home/babu/BUILD/kgmplayer-4.3.0/x265/build/CMakeFiles/CMakeTmp'
gmake[1]: Leaving directory '/home/babu/BUILD/kgmplayer-4.3.0/x265/build/CMakeFiles/CMakeTmp'



Parsed CXX implicit include dir info from above output: rv=done
  found start of include info
  found start of implicit include info
    add: [/usr/X11R76/include]
    add: [/usr/lib/gcc/x86_64-unknown-linux-gnu/4.8.2/../../../../include/c++/4.8.2]
    add: [/usr/lib/gcc/x86_64-unknown-linux-gnu/4.8.2/../../../../include/c++/4.8.2/x86_64-unknown-linux-gnu]
    add: [/usr/lib/gcc/x86_64-unknown-linux-gnu/4.8.2/../../../../include/c++/4.8.2/backward]
    add: [/usr/lib/gcc/x86_64-unknown-linux-gnu/4.8.2/include]
    add: [/usr/local/include]
    add: [/usr/lib/gcc/x86_64-unknown-linux-gnu/4.8.2/include-fixed]
    add: [/usr/include]
  end of search list found
  collapse include dir [/usr/X11R76/include] ==> [/usr/X11R76/include]
  collapse include dir [/usr/lib/gcc/x86_64-unknown-linux-gnu/4.8.2/../../../../include/c++/4.8.2] ==> [/usr/include/c++/4.8.2]
  collapse include dir [/usr/lib/gcc/x86_64-unknown-linux-gnu/4.8.2/../../../../include/c++/4.8.2/x86_64-unknown-linux-gnu] ==> [/usr/include/c++/4.8.2/x86_64-unknown-linux-gnu]
  collapse include dir [/usr/lib/gcc/x86_64-unknown-linux-gnu/4.8.2/../../../../include/c++/4.8.2/backward] ==> [/usr/include/c++/4.8.2/backward]
  collapse include dir [/usr/lib/gcc/x86_64-unknown-linux-gnu/4.8.2/include] ==> [/usr/lib/gcc/x86_64-unknown-linux-gnu/4.8.2/include]
  collapse include dir [/usr/local/include] ==> [/usr/local/include]
  collapse include dir [/usr/lib/gcc/x86_64-unknown-linux-gnu/4.8.2/include-fixed] ==> [/usr/lib/gcc/x86_64-unknown-linux-gnu/4.8.2/include-fixed]
  collapse include dir [/usr/include] ==> [/usr/include]
  implicit include dirs: [/usr/X11R76/include;/usr/include/c++/4.8.2;/usr/include/c++/4.8.2/x86_64-unknown-linux-gnu;/usr/include/c++/4.8.2/backward;/usr/lib/gcc/x86_64-unknown-linux-gnu/4.8.2/include;/usr/local/include;/usr/lib/gcc/x86_64-unknown-linux-gnu/4.8.2/include-fixed;/usr/include]


Parsed CXX implicit link information from above output:
  link line regex: [^( *|.*[/\])(ld|CMAKE_LINK_STARTFILE-NOTFOUND|([^/\]+-)?ld|collect2)[^/\]*( |$)]
  ignore line: [Change Dir: /home/babu/BUILD/kgmplayer-4.3.0/x265/build/CMakeFiles/CMakeTmp]
  ignore line: []
  ignore line: [Run Build Command(s):/usr/bin/gmake cmTC_3c0f5/fast && gmake[1]: Entering directory '/home/babu/BUILD/kgmplayer-4.3.0/x265/build/CMakeFiles/CMakeTmp']
  ignore line: [/usr/bin/gmake  -f CMakeFiles/cmTC_3c0f5.dir/build.make CMakeFiles/cmTC_3c0f5.dir/build]
  ignore line: [gmake[2]: Entering directory '/home/babu/BUILD/kgmplayer-4.3.0/x265/build/CMakeFiles/CMakeTmp']
  ignore line: [Building CXX object CMakeFiles/cmTC_3c0f5.dir/CMakeCXXCompilerABI.cpp.o]
  ignore line: [/usr/bin/c++   -v -o CMakeFiles/cmTC_3c0f5.dir/CMakeCXXCompilerABI.cpp.o -c /usr/share/cmake-3.18/Modules/CMakeCXXCompilerABI.cpp]
  ignore line: [Using built-in specs.]
  ignore line: [COLLECT_GCC=/usr/bin/c++]
  ignore line: [Target: x86_64-unknown-linux-gnu]
  ignore line: [Configured with: ../gcc-4.8.2/configure --prefix=/usr --libdir=/usr/lib --enable-shared --enable-threads=posix --enable-__cxa_atexit --enable-clocale=gnu --disable-multilib --with-system-zlib --enable-lto --enable-languages=c c++ fortran java objc obj-c++]
  ignore line: [Thread model: posix]
  ignore line: [gcc version 4.8.2 (GCC) ]
  ignore line: [COLLECT_GCC_OPTIONS='-v' '-o' 'CMakeFiles/cmTC_3c0f5.dir/CMakeCXXCompilerABI.cpp.o' '-c' '-shared-libgcc' '-mtune=generic' '-march=x86-64']
  ignore line: [ /usr/libexec/gcc/x86_64-unknown-linux-gnu/4.8.2/cc1plus -quiet -v -D_GNU_SOURCE /usr/share/cmake-3.18/Modules/CMakeCXXCompilerABI.cpp -quiet -dumpbase CMakeCXXCompilerABI.cpp -mtune=generic -march=x86-64 -auxbase-strip CMakeFiles/cmTC_3c0f5.dir/CMakeCXXCompilerABI.cpp.o -version -o /tmp/ccG9mRjn.s]
  ignore line: [GNU C++ (GCC) version 4.8.2 (x86_64-unknown-linux-gnu)]
  ignore line: [	compiled by GNU C version 4.8.2  GMP version 5.1.3  MPFR version 3.1.2  MPC version 1.0.2]
  ignore line: [warning: GMP header version 5.1.3 differs from library version 6.1.0.]
  ignore line: [GGC heuristics: --param ggc-min-expand=100 --param ggc-min-heapsize=131072]
  ignore line: [ignoring nonexistent directory "/usr/lib/gcc/x86_64-unknown-linux-gnu/4.8.2/../../../../x86_64-unknown-linux-gnu/include"]
  ignore line: [#include "..." search starts here:]
  ignore line: [#include <...> search starts here:]
  ignore line: [ /usr/X11R76/include]
  ignore line: [ /usr/lib/gcc/x86_64-unknown-linux-gnu/4.8.2/../../../../include/c++/4.8.2]
  ignore line: [ /usr/lib/gcc/x86_64-unknown-linux-gnu/4.8.2/../../../../include/c++/4.8.2/x86_64-unknown-linux-gnu]
  ignore line: [ /usr/lib/gcc/x86_64-unknown-linux-gnu/4.8.2/../../../../include/c++/4.8.2/backward]
  ignore line: [ /usr/lib/gcc/x86_64-unknown-linux-gnu/4.8.2/include]
  ignore line: [ /usr/local/include]
  ignore line: [ /usr/lib/gcc/x86_64-unknown-linux-gnu/4.8.2/include-fixed]
  ignore line: [ /usr/include]
  ignore line: [End of search list.]
  ignore line: [GNU C++ (GCC) version 4.8.2 (x86_64-unknown-linux-gnu)]
  ignore line: [	compiled by GNU C version 4.8.2  GMP version 5.1.3  MPFR version 3.1.2  MPC version 1.0.2]
  ignore line: [warning: GMP header version 5.1.3 differs from library version 6.1.0.]
  ignore line: [GGC heuristics: --param ggc-min-expand=100 --param ggc-min-heapsize=131072]
  ignore line: [Compiler executable checksum: 151fee3d8dfc6810457aea07400732dc]
  ignore line: [COLLECT_GCC_OPTIONS='-v' '-o' 'CMakeFiles/cmTC_3c0f5.dir/CMakeCXXCompilerABI.cpp.o' '-c' '-shared-libgcc' '-mtune=generic' '-march=x86-64']
  ignore line: [ as -v --64 -o CMakeFiles/cmTC_3c0f5.dir/CMakeCXXCompilerABI.cpp.o /tmp/ccG9mRjn.s]
  ignore line: [GNU assembler version 2.24 (x86_64-unknown-linux-gnu) using BFD version (GNU Binutils) 2.24]
  ignore line: [COMPILER_PATH=/usr/libexec/gcc/x86_64-unknown-linux-gnu/4.8.2/:/usr/libexec/gcc/x86_64-unknown-linux-gnu/4.8.2/:/usr/libexec/gcc/x86_64-unknown-linux-gnu/:/usr/lib/gcc/x86_64-unknown-linux-gnu/4.8.2/:/usr/lib/gcc/x86_64-unknown-linux-gnu/]
  ignore line: [LIBRARY_PATH=/usr/lib/gcc/x86_64-unknown-linux-gnu/4.8.2/:/usr/lib/gcc/x86_64-unknown-linux-gnu/4.8.2/../../../../lib64/:/lib/../lib64/:/usr/lib/../lib64/:/usr/X11R76/lib/:/usr/lib/gcc/x86_64-unknown-linux-gnu/4.8.2/../../../:/lib/:/usr/lib/]
  ignore line: [COLLECT_GCC_OPTIONS='-v' '-o' 'CMakeFiles/cmTC_3c0f5.dir/CMakeCXXCompilerABI.cpp.o' '-c' '-shared-libgcc' '-mtune=generic' '-march=x86-64']
  ignore line: [Linking CXX executable cmTC_3c0f5]
  ignore line: [/usr/bin/cmake -E cmake_link_script CMakeFiles/cmTC_3c0f5.dir/link.txt --verbose=1]
  ignore line: [/usr/bin/c++ -L/home/babu/BUILD/kgmplayer-4.3.0/lib -v -rdynamic CMakeFiles/cmTC_3c0f5.dir/CMakeCXXCompilerABI.cpp.o -o cmTC_3c0f5 ]
  ignore line: [Using built-in specs.]
  ignore line: [COLLECT_GCC=/usr/bin/c++]
  ignore line: [COLLECT_LTO_WRAPPER=/usr/libexec/gcc/x86_64-unknown-linux-gnu/4.8.2/lto-wrapper]
  ignore line: [Target: x86_64-unknown-linux-gnu]
  ignore line: [Configured with: ../gcc-4.8.2/configure --prefix=/usr --libdir=/usr/lib --enable-shared --enable-threads=posix --enable-__cxa_atexit --enable-clocale=gnu --disable-multilib --with-system-zlib --enable-lto --enable-languages=c c++ fortran java objc obj-c++]
  ignore line: [Thread model: posix]
  ignore line: [gcc version 4.8.2 (GCC) ]
  ignore line: [COMPILER_PATH=/usr/libexec/gcc/x86_64-unknown-linux-gnu/4.8.2/:/usr/libexec/gcc/x86_64-unknown-linux-gnu/4.8.2/:/usr/libexec/gcc/x86_64-unknown-linux-gnu/:/usr/lib/gcc/x86_64-unknown-linux-gnu/4.8.2/:/usr/lib/gcc/x86_64-unknown-linux-gnu/]
  ignore line: [LIBRARY_PATH=/usr/lib/gcc/x86_64-unknown-linux-gnu/4.8.2/:/usr/lib/gcc/x86_64-unknown-linux-gnu/4.8.2/../../../../lib64/:/lib/../lib64/:/usr/lib/../lib64/:/usr/X11R76/lib/:/usr/lib/gcc/x86_64-unknown-linux-gnu/4.8.2/../../../:/lib/:/usr/lib/]
  ignore line: [COLLECT_GCC_OPTIONS='-L/home/babu/BUILD/kgmplayer-4.3.0/lib' '-v' '-rdynamic' '-o' 'cmTC_3c0f5' '-shared-libgcc' '-mtune=generic' '-march=x86-64']
  link line: [ /usr/libexec/gcc/x86_64-unknown-linux-gnu/4.8.2/collect2 --eh-frame-hdr -m elf_x86_64 -export-dynamic -dynamic-linker /lib64/ld-linux-x86-64.so.2 -o cmTC_3c0f5 /usr/lib/gcc/x86_64-unknown-linux-gnu/4.8.2/../../../../lib64/crt1.o /usr/lib/gcc/x86_64-unknown-linux-gnu/4.8.2/../../../../lib64/crti.o /usr/lib/gcc/x86_64-unknown-linux-gnu/4.8.2/crtbegin.o -L/home/babu/BUILD/kgmplayer-4.3.0/lib -L/usr/lib/gcc/x86_64-unknown-linux-gnu/4.8.2 -L/usr/lib/gcc/x86_64-unknown-linux-gnu/4.8.2/../../../../lib64 -L/lib/../lib64 -L/usr/lib/../lib64 -L/usr/X11R76/lib -L/usr/lib/gcc/x86_64-unknown-linux-gnu/4.8.2/../../.. CMakeFiles/cmTC_3c0f5.dir/CMakeCXXCompilerABI.cpp.o -lstdc++ -lm -lgcc_s -lgcc -lc -lgcc_s -lgcc /usr/lib/gcc/x86_64-unknown-linux-gnu/4.8.2/crtend.o /usr/lib/gcc/x86_64-unknown-linux-gnu/4.8.2/../../../../lib64/crtn.o]
    arg [/usr/libexec/gcc/x86_64-unknown-linux-gnu/4.8.2/collect2] ==> ignore
    arg [--eh-frame-hdr] ==> ignore
    arg [-m] ==> ignore
    arg [elf_x86_64] ==> ignore
    arg [-export-dynamic] ==> ignore
    arg [-dynamic-linker] ==> ignore
    arg [/lib64/ld-linux-x86-64.so.2] ==> ignore
    arg [-o] ==> ignore
    arg [cmTC_3c0f5] ==> ignore
    arg [/usr/lib/gcc/x86_64-unknown-linux-gnu/4.8.2/../../../../lib64/crt1.o] ==> ignore
    arg [/usr/lib/gcc/x86_64-unknown-linux-gnu/4.8.2/../../../../lib64/crti.o] ==> ignore
    arg [/usr/lib/gcc/x86_64-unknown-linux-gnu/4.8.2/crtbegin.o] ==> ignore
    arg [-L/home/babu/BUILD/kgmplayer-4.3.0/lib] ==> dir [/home/babu/BUILD/kgmplayer-4.3.0/lib]
    arg [-L/usr/lib/gcc/x86_64-unknown-linux-gnu/4.8.2] ==> dir [/usr/lib/gcc/x86_64-unknown-linux-gnu/4.8.2]
    arg [-L/usr/lib/gcc/x86_64-unknown-linux-gnu/4.8.2/../../../../lib64] ==> dir [/usr/lib/gcc/x86_64-unknown-linux-gnu/4.8.2/../../../../lib64]
    arg [-L/lib/../lib64] ==> dir [/lib/../lib64]
    arg [-L/usr/lib/../lib64] ==> dir [/usr/lib/../lib64]
    arg [-L/usr/X11R76/lib] ==> dir [/usr/X11R76/lib]
    arg [-L/usr/lib/gcc/x86_64-unknown-linux-gnu/4.8.2/../../..] ==> dir [/usr/lib/gcc/x86_64-unknown-linux-gnu/4.8.2/../../..]
    arg [CMakeFiles/cmTC_3c0f5.dir/CMakeCXXCompilerABI.cpp.o] ==> ignore
    arg [-lstdc++] ==> lib [stdc++]
    arg [-lm] ==> lib [m]
    arg [-lgcc_s] ==> lib [gcc_s]
    arg [-lgcc] ==> lib [gcc]
    arg [-lc] ==> lib [c]
    arg [-lgcc_s] ==> lib [gcc_s]
    arg [-lgcc] ==> lib [gcc]
    arg [/usr/lib/gcc/x86_64-unknown-linux-gnu/4.8.2/crtend.o] ==> ignore
    arg [/usr/lib/gcc/x86_64-unknown-linux-gnu/4.8.2/../../../../lib64/crtn.o] ==> ignore
  collapse library dir [/home/babu/BUILD/kgmplayer-4.3.0/lib] ==> [/home/babu/BUILD/kgmplayer-4.3.0/lib]
  collapse library dir [/usr/lib/gcc/x86_64-unknown-linux-gnu/4.8.2] ==> [/usr/lib/gcc/x86_64-unknown-linux-gnu/4.8.2]
  collapse library dir [/usr/lib/gcc/x86_64-unknown-linux-gnu/4.8.2/../../../../lib64] ==> [/usr/lib64]
  collapse library dir [/lib/../lib64] ==> [/lib64]
  collapse library dir [/usr/lib/../lib64] ==> [/usr/lib64]
  collapse library dir [/usr/X11R76/lib] ==> [/usr/X11R76/lib]
  collapse library dir [/usr/lib/gcc/x86_64-unknown-linux-gnu/4.8.2/../../..] ==> [/usr/lib]
  implicit libs: [stdc++;m;gcc_s;gcc;c;gcc_s;gcc]
  implicit dirs: [/home/babu/BUILD/kgmplayer-4.3.0/lib;/usr/lib/gcc/x86_64-unknown-linux-gnu/4.8.2;/usr/lib64;/lib64;/usr/X11R76/lib;/usr/lib]
  implicit fwks: []




Detecting CXX [-std=c++1y] compiler features compiled with the following output:
Change Dir: /home/babu/BUILD/kgmplayer-4.3.0/x265/build/CMakeFiles/CMakeTmp

Run Build Command(s):/usr/bin/gmake cmTC_f1e80/fast && gmake[1]: Entering directory '/home/babu/BUILD/kgmplayer-4.3.0/x265/build/CMakeFiles/CMakeTmp'
/usr/bin/gmake  -f CMakeFiles/cmTC_f1e80.dir/build.make CMakeFiles/cmTC_f1e80.dir/build
gmake[2]: Entering directory '/home/babu/BUILD/kgmplayer-4.3.0/x265/build/CMakeFiles/CMakeTmp'
Building CXX object CMakeFiles/cmTC_f1e80.dir/feature_tests.cxx.o
/usr/bin/c++   -std=c++1y -o CMakeFiles/cmTC_f1e80.dir/feature_tests.cxx.o -c /home/babu/BUILD/kgmplayer-4.3.0/x265/build/CMakeFiles/feature_tests.cxx
Linking CXX executable cmTC_f1e80
/usr/bin/cmake -E cmake_link_script CMakeFiles/cmTC_f1e80.dir/link.txt --verbose=1
/usr/bin/c++ -L/home/babu/BUILD/kgmplayer-4.3.0/lib  -rdynamic CMakeFiles/cmTC_f1e80.dir/feature_tests.cxx.o -o cmTC_f1e80 
gmake[2]: Leaving directory '/home/babu/BUILD/kgmplayer-4.3.0/x265/build/CMakeFiles/CMakeTmp'
gmake[1]: Leaving directory '/home/babu/BUILD/kgmplayer-4.3.0/x265/build/CMakeFiles/CMakeTmp'



    Feature record: CXX_FEATURE:1cxx_template_template_parameters
    Feature record: CXX_FEATURE:1cxx_alias_templates
    Feature record: CXX_FEATURE:1cxx_alignas
    Feature record: CXX_FEATURE:1cxx_alignof
    Feature record: CXX_FEATURE:1cxx_attributes
    Feature record: CXX_FEATURE:1cxx_auto_type
    Feature record: CXX_FEATURE:1cxx_constexpr
    Feature record: CXX_FEATURE:1cxx_decltype
    Feature record: CXX_FEATURE:1cxx_decltype_incomplete_return_types
    Feature record: CXX_FEATURE:1cxx_default_function_template_args
    Feature record: CXX_FEATURE:1cxx_defaulted_functions
    Feature record: CXX_FEATURE:1cxx_defaulted_move_initializers
    Feature record: CXX_FEATURE:1cxx_delegating_constructors
    Feature record: CXX_FEATURE:1cxx_deleted_functions
    Feature record: CXX_FEATURE:1cxx_enum_forward_declarations
    Feature record: CXX_FEATURE:1cxx_explicit_conversions
    Feature record: CXX_FEATURE:1cxx_extended_friend_declarations
    Feature record: CXX_FEATURE:1cxx_extern_templates
    Feature record: CXX_FEATURE:1cxx_final
    Feature record: CXX_FEATURE:1cxx_func_identifier
    Feature record: CXX_FEATURE:1cxx_generalized_initializers
    Feature record: CXX_FEATURE:1cxx_inheriting_constructors
    Feature record: CXX_FEATURE:1cxx_inline_namespaces
    Feature record: CXX_FEATURE:1cxx_lambdas
    Feature record: CXX_FEATURE:1cxx_local_type_template_args
    Feature record: CXX_FEATURE:1cxx_long_long_type
    Feature record: CXX_FEATURE:1cxx_noexcept
    Feature record: CXX_FEATURE:1cxx_nonstatic_member_init
    Feature record: CXX_FEATURE:1cxx_nullptr
    Feature record: CXX_FEATURE:1cxx_override
    Feature record: CXX_FEATURE:1cxx_range_for
    Feature record: CXX_FEATURE:1cxx_raw_string_literals
    Feature record: CXX_FEATURE:1cxx_reference_qualified_functions
    Feature record: CXX_FEATURE:1cxx_right_angle_brackets
    Feature record: CXX_FEATURE:1cxx_rvalue_references
    Feature record: CXX_FEATURE:1cxx_sizeof_member
    Feature record: CXX_FEATURE:1cxx_static_assert
    Feature record: CXX_FEATURE:1cxx_strong_enums
    Feature record: CXX_FEATURE:1cxx_thread_local
    Feature record: CXX_FEATURE:1cxx_trailing_return_types
    Feature record: CXX_FEATURE:1cxx_unicode_literals
    Feature record: CXX_FEATURE:1cxx_uniform_initialization
    Feature record: CXX_FEATURE:1cxx_unrestricted_unions
    Feature record: CXX_FEATURE:1cxx_user_literals
    Feature record: CXX_FEATURE:1cxx_variadic_macros
    Feature record: CXX_FEATURE:1cxx_variadic_templates
    Feature record: CXX_FEATURE:0cxx_aggregate_default_initializers
    Feature record: CXX_FEATURE:0cxx_attribute_deprecated
    Feature record: CXX_FEATURE:0cxx_binary_literals
    Feature record: CXX_FEATURE:0cxx_contextual_conversions
    Feature record: CXX_FEATURE:0cxx_decltype_auto
    Feature record: CXX_FEATURE:0cxx_digit_separators
    Feature record: CXX_FEATURE:0cxx_generic_lambdas
    Feature record: CXX_FEATURE:0cxx_lambda_init_captures
    Feature record: CXX_FEATURE:0cxx_relaxed_constexpr
    Feature record: CXX_FEATURE:0cxx_return_type_deduction
    Feature record: CXX_FEATURE:0cxx_variable_templates
Determining if files inttypes.h exist passed with the following output:
Change Dir: /home/babu/BUILD/kgmplayer-4.3.0/x265/build/CMakeFiles/CMakeTmp

Run Build Command(s):/usr/bin/gmake cmTC_ce0c0/fast && gmake[1]: Entering directory '/home/babu/BUILD/kgmplayer-4.3.0/x265/build/CMakeFiles/CMakeTmp'
/usr/bin/gmake  -f CMakeFiles/cmTC_ce0c0.dir/build.make CMakeFiles/cmTC_ce0c0.dir/build
gmake[2]: Entering directory '/home/babu/BUILD/kgmplayer-4.3.0/x265/build/CMakeFiles/CMakeTmp'
Building C object CMakeFiles/cmTC_ce0c0.dir/HAVE_INT_TYPES_H.c.o
/usr/bin/cc   -I/home/babu/BUILD/kgmplayer-4.3.0/include  -o CMakeFiles/cmTC_ce0c0.dir/HAVE_INT_TYPES_H.c.o -c /home/babu/BUILD/kgmplayer-4.3.0/x265/build/CMakeFiles/CheckIncludeFiles/HAVE_INT_TYPES_H.c
Linking C executable cmTC_ce0c0
/usr/bin/cmake -E cmake_link_script CMakeFiles/cmTC_ce0c0.dir/link.txt --verbose=1
/usr/bin/cc -I/home/babu/BUILD/kgmplayer-4.3.0/include  -L/home/babu/BUILD/kgmplayer-4.3.0/lib  -rdynamic CMakeFiles/cmTC_ce0c0.dir/HAVE_INT_TYPES_H.c.o -o cmTC_ce0c0 
gmake[2]: Leaving directory '/home/babu/BUILD/kgmplayer-4.3.0/x265/build/CMakeFiles/CMakeTmp'
gmake[1]: Leaving directory '/home/babu/BUILD/kgmplayer-4.3.0/x265/build/CMakeFiles/CMakeTmp'



Performing C++ SOURCE FILE Test CC_HAS_NO_STRICT_OVERFLOW succeeded with the following output:
Change Dir: /home/babu/BUILD/kgmplayer-4.3.0/x265/build/CMakeFiles/CMakeTmp

Run Build Command(s):/usr/bin/gmake cmTC_c91b3/fast && gmake[1]: Entering directory '/home/babu/BUILD/kgmplayer-4.3.0/x265/build/CMakeFiles/CMakeTmp'
/usr/bin/gmake  -f CMakeFiles/cmTC_c91b3.dir/build.make CMakeFiles/cmTC_c91b3.dir/build
gmake[2]: Entering directory '/home/babu/BUILD/kgmplayer-4.3.0/x265/build/CMakeFiles/CMakeTmp'
Building CXX object CMakeFiles/cmTC_c91b3.dir/src.cxx.o
/usr/bin/c++   -DCC_HAS_NO_STRICT_OVERFLOW   -Wno-strict-overflow -o CMakeFiles/cmTC_c91b3.dir/src.cxx.o -c /home/babu/BUILD/kgmplayer-4.3.0/x265/build/CMakeFiles/CMakeTmp/src.cxx
Linking CXX executable cmTC_c91b3
/usr/bin/cmake -E cmake_link_script CMakeFiles/cmTC_c91b3.dir/link.txt --verbose=1
/usr/bin/c++  -DCC_HAS_NO_STRICT_OVERFLOW -L/home/babu/BUILD/kgmplayer-4.3.0/lib  -rdynamic CMakeFiles/cmTC_c91b3.dir/src.cxx.o -o cmTC_c91b3 
gmake[2]: Leaving directory '/home/babu/BUILD/kgmplayer-4.3.0/x265/build/CMakeFiles/CMakeTmp'
gmake[1]: Leaving directory '/home/babu/BUILD/kgmplayer-4.3.0/x265/build/CMakeFiles/CMakeTmp'


Source file was:
int main() { return 0; }
Performing C++ SOURCE FILE Test CC_HAS_NO_NARROWING succeeded with the following output:
Change Dir: /home/babu/BUILD/kgmplayer-4.3.0/x265/build/CMakeFiles/CMakeTmp

Run Build Command(s):/usr/bin/gmake cmTC_bcaa9/fast && gmake[1]: Entering directory '/home/babu/BUILD/kgmplayer-4.3.0/x265/build/CMakeFiles/CMakeTmp'
/usr/bin/gmake  -f CMakeFiles/cmTC_bcaa9.dir/build.make CMakeFiles/cmTC_bcaa9.dir/build
gmake[2]: Entering directory '/home/babu/BUILD/kgmplayer-4.3.0/x265/build/CMakeFiles/CMakeTmp'
Building CXX object CMakeFiles/cmTC_bcaa9.dir/src.cxx.o
/usr/bin/c++   -DCC_HAS_NO_NARROWING   -Wno-narrowing -o CMakeFiles/cmTC_bcaa9.dir/src.cxx.o -c /home/babu/BUILD/kgmplayer-4.3.0/x265/build/CMakeFiles/CMakeTmp/src.cxx
Linking CXX executable cmTC_bcaa9
/usr/bin/cmake -E cmake_link_script CMakeFiles/cmTC_bcaa9.dir/link.txt --verbose=1
/usr/bin/c++  -DCC_HAS_NO_NARROWING -L/home/babu/BUILD/kgmplayer-4.3.0/lib  -rdynamic CMakeFiles/cmTC_bcaa9.dir/src.cxx.o -o cmTC_bcaa9 
gmake[2]: Leaving directory '/home/babu/BUILD/kgmplayer-4.3.0/x265/build/CMakeFiles/CMakeTmp'
gmake[1]: Leaving directory '/home/babu/BUILD/kgmplayer-4.3.0/x265/build/CMakeFiles/CMakeTmp'


Source file was:
int main() { return 0; }
Performing C++ SOURCE FILE Test CC_HAS_NO_ARRAY_BOUNDS succeeded with the following output:
Change Dir: /home/babu/BUILD/kgmplayer-4.3.0/x265/build/CMakeFiles/CMakeTmp

Run Build Command(s):/usr/bin/gmake cmTC_db695/fast && gmake[1]: Entering directory '/home/babu/BUILD/kgmplayer-4.3.0/x265/build/CMakeFiles/CMakeTmp'
/usr/bin/gmake  -f CMakeFiles/cmTC_db695.dir/build.make CMakeFiles/cmTC_db695.dir/build
gmake[2]: Entering directory '/home/babu/BUILD/kgmplayer-4.3.0/x265/build/CMakeFiles/CMakeTmp'
Building CXX object CMakeFiles/cmTC_db695.dir/src.cxx.o
/usr/bin/c++   -DCC_HAS_NO_ARRAY_BOUNDS   -Wno-array-bounds -o CMakeFiles/cmTC_db695.dir/src.cxx.o -c /home/babu/BUILD/kgmplayer-4.3.0/x265/build/CMakeFiles/CMakeTmp/src.cxx
Linking CXX executable cmTC_db695
/usr/bin/cmake -E cmake_link_script CMakeFiles/cmTC_db695.dir/link.txt --verbose=1
/usr/bin/c++  -DCC_HAS_NO_ARRAY_BOUNDS -L/home/babu/BUILD/kgmplayer-4.3.0/lib  -rdynamic CMakeFiles/cmTC_db695.dir/src.cxx.o -o cmTC_db695 
gmake[2]: Leaving directory '/home/babu/BUILD/kgmplayer-4.3.0/x265/build/CMakeFiles/CMakeTmp'
gmake[1]: Leaving directory '/home/babu/BUILD/kgmplayer-4.3.0/x265/build/CMakeFiles/CMakeTmp'


Source file was:
int main() { return 0; }
Performing C++ SOURCE FILE Test CC_HAS_FAST_MATH succeeded with the following output:
Change Dir: /home/babu/BUILD/kgmplayer-4.3.0/x265/build/CMakeFiles/CMakeTmp

Run Build Command(s):/usr/bin/gmake cmTC_13859/fast && gmake[1]: Entering directory '/home/babu/BUILD/kgmplayer-4.3.0/x265/build/CMakeFiles/CMakeTmp'
/usr/bin/gmake  -f CMakeFiles/cmTC_13859.dir/build.make CMakeFiles/cmTC_13859.dir/build
gmake[2]: Entering directory '/home/babu/BUILD/kgmplayer-4.3.0/x265/build/CMakeFiles/CMakeTmp'
Building CXX object CMakeFiles/cmTC_13859.dir/src.cxx.o
/usr/bin/c++   -DCC_HAS_FAST_MATH   -ffast-math -o CMakeFiles/cmTC_13859.dir/src.cxx.o -c /home/babu/BUILD/kgmplayer-4.3.0/x265/build/CMakeFiles/CMakeTmp/src.cxx
Linking CXX executable cmTC_13859
/usr/bin/cmake -E cmake_link_script CMakeFiles/cmTC_13859.dir/link.txt --verbose=1
/usr/bin/c++  -DCC_HAS_FAST_MATH -L/home/babu/BUILD/kgmplayer-4.3.0/lib  -rdynamic CMakeFiles/cmTC_13859.dir/src.cxx.o -o cmTC_13859 
gmake[2]: Leaving directory '/home/babu/BUILD/kgmplayer-4.3.0/x265/build/CMakeFiles/CMakeTmp'
gmake[1]: Leaving directory '/home/babu/BUILD/kgmplayer-4.3.0/x265/build/CMakeFiles/CMakeTmp'


Source file was:
int main() { return 0; }
Performing C++ SOURCE FILE Test CC_HAS_STACK_REALIGN succeeded with the following output:
Change Dir: /home/babu/BUILD/kgmplayer-4.3.0/x265/build/CMakeFiles/CMakeTmp

Run Build Command(s):/usr/bin/gmake cmTC_237f9/fast && gmake[1]: Entering directory '/home/babu/BUILD/kgmplayer-4.3.0/x265/build/CMakeFiles/CMakeTmp'
/usr/bin/gmake  -f CMakeFiles/cmTC_237f9.dir/build.make CMakeFiles/cmTC_237f9.dir/build
gmake[2]: Entering directory '/home/babu/BUILD/kgmplayer-4.3.0/x265/build/CMakeFiles/CMakeTmp'
Building CXX object CMakeFiles/cmTC_237f9.dir/src.cxx.o
/usr/bin/c++   -DCC_HAS_STACK_REALIGN   -mstackrealign -o CMakeFiles/cmTC_237f9.dir/src.cxx.o -c /home/babu/BUILD/kgmplayer-4.3.0/x265/build/CMakeFiles/CMakeTmp/src.cxx
Linking CXX executable cmTC_237f9
/usr/bin/cmake -E cmake_link_script CMakeFiles/cmTC_237f9.dir/link.txt --verbose=1
/usr/bin/c++  -DCC_HAS_STACK_REALIGN -L/home/babu/BUILD/kgmplayer-4.3.0/lib  -rdynamic CMakeFiles/cmTC_237f9.dir/src.cxx.o -o cmTC_237f9 
gmake[2]: Leaving directory '/home/babu/BUILD/kgmplayer-4.3.0/x265/build/CMakeFiles/CMakeTmp'
gmake[1]: Leaving directory '/home/babu/BUILD/kgmplayer-4.3.0/x265/build/CMakeFiles/CMakeTmp'


Source file was:
int main() { return 0; }
Performing C++ SOURCE FILE Test CC_HAS_FNO_EXCEPTIONS_FLAG succeeded with the following output:
Change Dir: /home/babu/BUILD/kgmplayer-4.3.0/x265/build/CMakeFiles/CMakeTmp

Run Build Command(s):/usr/bin/gmake cmTC_b07ee/fast && gmake[1]: Entering directory '/home/babu/BUILD/kgmplayer-4.3.0/x265/build/CMakeFiles/CMakeTmp'
/usr/bin/gmake  -f CMakeFiles/cmTC_b07ee.dir/build.make CMakeFiles/cmTC_b07ee.dir/build
gmake[2]: Entering directory '/home/babu/BUILD/kgmplayer-4.3.0/x265/build/CMakeFiles/CMakeTmp'
Building CXX object CMakeFiles/cmTC_b07ee.dir/src.cxx.o
/usr/bin/c++   -DCC_HAS_FNO_EXCEPTIONS_FLAG   -fno-exceptions -o CMakeFiles/cmTC_b07ee.dir/src.cxx.o -c /home/babu/BUILD/kgmplayer-4.3.0/x265/build/CMakeFiles/CMakeTmp/src.cxx
Linking CXX executable cmTC_b07ee
/usr/bin/cmake -E cmake_link_script CMakeFiles/cmTC_b07ee.dir/link.txt --verbose=1
/usr/bin/c++  -DCC_HAS_FNO_EXCEPTIONS_FLAG -L/home/babu/BUILD/kgmplayer-4.3.0/lib  -rdynamic CMakeFiles/cmTC_b07ee.dir/src.cxx.o -o cmTC_b07ee 
gmake[2]: Leaving directory '/home/babu/BUILD/kgmplayer-4.3.0/x265/build/CMakeFiles/CMakeTmp'
gmake[1]: Leaving directory '/home/babu/BUILD/kgmplayer-4.3.0/x265/build/CMakeFiles/CMakeTmp'


Source file was:
int main() { return 0; }
Determining if the strtok_r exist passed with the following output:
Change Dir: /home/babu/BUILD/kgmplayer-4.3.0/x265/build/CMakeFiles/CMakeTmp

Run Build Command(s):/usr/bin/gmake cmTC_f0fd2/fast && gmake[1]: Entering directory '/home/babu/BUILD/kgmplayer-4.3.0/x265/build/CMakeFiles/CMakeTmp'
/usr/bin/gmake  -f CMakeFiles/cmTC_f0fd2.dir/build.make CMakeFiles/cmTC_f0fd2.dir/build
gmake[2]: Entering directory '/home/babu/BUILD/kgmplayer-4.3.0/x265/build/CMakeFiles/CMakeTmp'
Building C object CMakeFiles/cmTC_f0fd2.dir/CheckSymbolExists.c.o
/usr/bin/cc   -I/home/babu/BUILD/kgmplayer-4.3.0/include  -o CMakeFiles/cmTC_f0fd2.dir/CheckSymbolExists.c.o -c /home/babu/BUILD/kgmplayer-4.3.0/x265/build/CMakeFiles/CMakeTmp/CheckSymbolExists.c
Linking C executable cmTC_f0fd2
/usr/bin/cmake -E cmake_link_script CMakeFiles/cmTC_f0fd2.dir/link.txt --verbose=1
/usr/bin/cc -I/home/babu/BUILD/kgmplayer-4.3.0/include  -L/home/babu/BUILD/kgmplayer-4.3.0/lib  -rdynamic CMakeFiles/cmTC_f0fd2.dir/CheckSymbolExists.c.o -o cmTC_f0fd2 
gmake[2]: Leaving directory '/home/babu/BUILD/kgmplayer-4.3.0/x265/build/CMakeFiles/CMakeTmp'
gmake[1]: Leaving directory '/home/babu/BUILD/kgmplayer-4.3.0/x265/build/CMakeFiles/CMakeTmp'


File /home/babu/BUILD/kgmplayer-4.3.0/x265/build/CMakeFiles/CMakeTmp/CheckSymbolExists.c:
/* */
#include <string.h>

int main(int argc, char** argv)
{
  (void)argv;
#ifndef strtok_r
  return ((int*)(&strtok_r))[argc];
#else
  (void)argc;
  return 0;
#endif
}
Determining if files getopt.h exist passed with the following output:
Change Dir: /home/babu/BUILD/kgmplayer-4.3.0/x265/build/CMakeFiles/CMakeTmp

Run Build Command(s):/usr/bin/gmake cmTC_de3d6/fast && gmake[1]: Entering directory '/home/babu/BUILD/kgmplayer-4.3.0/x265/build/CMakeFiles/CMakeTmp'
/usr/bin/gmake  -f CMakeFiles/cmTC_de3d6.dir/build.make CMakeFiles/cmTC_de3d6.dir/build
gmake[2]: Entering directory '/home/babu/BUILD/kgmplayer-4.3.0/x265/build/CMakeFiles/CMakeTmp'
Building C object CMakeFiles/cmTC_de3d6.dir/HAVE_GETOPT_H.c.o
/usr/bin/cc   -I/home/babu/BUILD/kgmplayer-4.3.0/include  -o CMakeFiles/cmTC_de3d6.dir/HAVE_GETOPT_H.c.o -c /home/babu/BUILD/kgmplayer-4.3.0/x265/build/CMakeFiles/CheckIncludeFiles/HAVE_GETOPT_H.c
Linking C executable cmTC_de3d6
/usr/bin/cmake -E cmake_link_script CMakeFiles/cmTC_de3d6.dir/link.txt --verbose=1
/usr/bin/cc -I/home/babu/BUILD/kgmplayer-4.3.0/include  -L/home/babu/BUILD/kgmplayer-4.3.0/lib  -rdynamic CMakeFiles/cmTC_de3d6.dir/HAVE_GETOPT_H.c.o -o cmTC_de3d6 
gmake[2]: Leaving directory '/home/babu/BUILD/kgmplayer-4.3.0/x265/build/CMakeFiles/CMakeTmp'
gmake[1]: Leaving directory '/home/babu/BUILD/kgmplayer-4.3.0/x265/build/CMakeFiles/CMakeTmp'



