This file contains any messages produced by compilers while
running configure, to aid debugging if configure makes a mistake.

It was created by configure, which was
generated by GNU Autoconf 2.60.  Invocation command line was

  $ ./configure --enable-ssl --enable-largefiles

## --------- ##
## Platform. ##
## --------- ##

hostname = hplaptop
uname -m = x86_64
uname -r = 4.0.0y
uname -s = Linux
uname -v = #4 SMP Mon Nov 30 21:45:34 IST 2015

/usr/bin/uname -p = unknown
/bin/uname -X     = unknown

/bin/arch              = unknown
/usr/bin/arch -k       = unknown
/usr/convex/getsysinfo = unknown
/usr/bin/hostinfo      = unknown
/bin/machine           = unknown
/usr/bin/oslevel       = unknown
/bin/universe          = unknown

PATH: /usr/local/bin
PATH: /bin
PATH: /usr/bin
PATH: /usr/X11R76/bin
PATH: /opt/jdk/bin
PATH: /home/Debian/lina-1.0/bin


## ----------- ##
## Core tests. ##
## ----------- ##

configure:1717: checking for gcc
configure:1733: found /usr/bin/gcc
configure:1744: result: gcc
configure:1982: checking for C compiler version
configure:1989: gcc --version >&5
gcc (GCC) 4.8.2
Copyright (C) 2013 Free Software Foundation, Inc.
This is free software; see the source for copying conditions.  There is NO
warranty; not even for MERCHANTABILITY or FITNESS FOR A PARTICULAR PURPOSE.

configure:1992: $? = 0
configure:1999: gcc -v >&5
Using built-in specs.
COLLECT_GCC=gcc
COLLECT_LTO_WRAPPER=/usr/libexec/gcc/x86_64-unknown-linux-gnu/4.8.2/lto-wrapper
Target: x86_64-unknown-linux-gnu
Configured with: ../gcc-4.8.2/configure --prefix=/usr --libdir=/usr/lib --enable-shared --enable-threads=posix --enable-__cxa_atexit --enable-clocale=gnu --disable-multilib --with-system-zlib --enable-lto --enable-languages=c,c++,fortran,java,objc,obj-c++
Thread model: posix
gcc version 4.8.2 (GCC) 
configure:2002: $? = 0
configure:2009: gcc -V >&5
gcc: error: unrecognized command line option '-V'
gcc: fatal error: no input files
compilation terminated.
configure:2012: $? = 1
configure:2035: checking for C compiler default output file name
configure:2062: gcc    conftest.c  >&5
configure:2065: $? = 0
configure:2111: result: a.out
configure:2116: checking whether the C compiler works
configure:2126: ./a.out
configure:2129: $? = 0
configure:2146: result: yes
configure:2153: checking whether we are cross compiling
configure:2155: result: no
configure:2158: checking for suffix of executables
configure:2165: gcc -o conftest    conftest.c  >&5
configure:2168: $? = 0
configure:2192: result: 
configure:2198: checking for suffix of object files
configure:2224: gcc -c   conftest.c >&5
configure:2227: $? = 0
configure:2250: result: o
configure:2254: checking whether we are using the GNU C compiler
configure:2283: gcc -c   conftest.c >&5
configure:2289: $? = 0
configure:2296: test -z "$ac_c_werror_flag" || test ! -s conftest.err
configure:2299: $? = 0
configure:2306: test -s conftest.o
configure:2309: $? = 0
configure:2323: result: yes
configure:2328: checking whether gcc accepts -g
configure:2358: gcc -c -g  conftest.c >&5
configure:2364: $? = 0
configure:2371: test -z "$ac_c_werror_flag" || test ! -s conftest.err
configure:2374: $? = 0
configure:2381: test -s conftest.o
configure:2384: $? = 0
configure:2514: result: yes
configure:2531: checking for gcc option to accept ISO C89
configure:2605: gcc  -c -g -O2  conftest.c >&5
configure:2611: $? = 0
configure:2618: test -z "$ac_c_werror_flag" || test ! -s conftest.err
configure:2621: $? = 0
configure:2628: test -s conftest.o
configure:2631: $? = 0
configure:2651: result: none needed
configure:2675: checking whether make sets $(MAKE)
configure:2696: result: yes
configure:2718: checking for a BSD-compatible install
configure:2774: result: /usr/bin/install -c
configure:2791: checking how to run the C preprocessor
configure:2831: gcc -E  conftest.c
configure:2837: $? = 0
configure:2875: gcc -E  conftest.c
conftest.c:8:28: fatal error: ac_nonexistent.h: No such file or directory
 #include <ac_nonexistent.h>
                            ^
compilation terminated.
configure:2881: $? = 1
configure: failed program was:
| /* confdefs.h.  */
| #define PACKAGE_NAME ""
| #define PACKAGE_TARNAME ""
| #define PACKAGE_VERSION ""
| #define PACKAGE_STRING ""
| #define PACKAGE_BUGREPORT ""
| /* end confdefs.h.  */
| #include <ac_nonexistent.h>
configure:2921: result: gcc -E
configure:2950: gcc -E  conftest.c
configure:2956: $? = 0
configure:2994: gcc -E  conftest.c
conftest.c:8:28: fatal error: ac_nonexistent.h: No such file or directory
 #include <ac_nonexistent.h>
                            ^
compilation terminated.
configure:3000: $? = 1
configure: failed program was:
| /* confdefs.h.  */
| #define PACKAGE_NAME ""
| #define PACKAGE_TARNAME ""
| #define PACKAGE_VERSION ""
| #define PACKAGE_STRING ""
| #define PACKAGE_BUGREPORT ""
| /* end confdefs.h.  */
| #include <ac_nonexistent.h>
configure:3045: checking for grep that handles long lines and -e
configure:3119: result: /bin/grep
configure:3124: checking for egrep
configure:3202: result: /bin/grep -E
configure:3207: checking for ANSI C header files
configure:3237: gcc -c -g -O2  conftest.c >&5
configure:3243: $? = 0
configure:3250: test -z "$ac_c_werror_flag" || test ! -s conftest.err
configure:3253: $? = 0
configure:3260: test -s conftest.o
configure:3263: $? = 0
configure:3359: gcc -o conftest -g -O2   conftest.c  >&5
configure:3362: $? = 0
configure:3368: ./conftest
configure:3371: $? = 0
configure:3388: result: yes
configure:3400: checking for deflate in -lz
configure:3435: gcc -o conftest -g -O2   conftest.c -lz   >&5
configure:3441: $? = 0
configure:3448: test -z "$ac_c_werror_flag" || test ! -s conftest.err
configure:3451: $? = 0
configure:3458: test -s conftest
configure:3461: $? = 0
configure:3475: result: yes
configure:3514: checking for SSL_library_init in -lssl
configure:3550: gcc -o conftest -g -O2   conftest.c -L/lib -lssl -lcrypto -lz  >&5
configure:3556: $? = 0
configure:3563: test -z "$ac_c_werror_flag" || test ! -s conftest.err
configure:3566: $? = 0
configure:3573: test -s conftest
configure:3576: $? = 0
configure:3590: result: yes
configure:3604: checking for EVP_CIPHER_CTX_init in -lcrypto
configure:3639: gcc -o conftest -g -O2   conftest.c -lcrypto  -lssl -lz  >&5
configure:3645: $? = 0
configure:3652: test -z "$ac_c_werror_flag" || test ! -s conftest.err
configure:3655: $? = 0
configure:3662: test -s conftest
configure:3665: $? = 0
configure:3679: result: yes
configure:3826: creating ./config.status

## ---------------------- ##
## Running config.status. ##
## ---------------------- ##

This file was extended by config.status, which was
generated by GNU Autoconf 2.60.  Invocation command line was

  CONFIG_FILES    = 
  CONFIG_HEADERS  = 
  CONFIG_LINKS    = 
  CONFIG_COMMANDS = 
  $ ./config.status 

on hplaptop

config.status:568: creating Makefile
configure:4759: === configuring in libUseful-2.0 (/home/babu/BUILD/kgmplayer-1.3/movgrab/libUseful-2.0)
configure:4862: running /bin/sh ./configure --prefix=/usr/local  '--enable-ssl' '--enable-largefiles' --cache-file=/dev/null --srcdir=.

## ---------------- ##
## Cache variables. ##
## ---------------- ##

ac_cv_c_compiler_gnu=yes
ac_cv_env_CC_set=
ac_cv_env_CC_value=
ac_cv_env_CFLAGS_set=
ac_cv_env_CFLAGS_value=
ac_cv_env_CPPFLAGS_set=
ac_cv_env_CPPFLAGS_value=
ac_cv_env_CPP_set=
ac_cv_env_CPP_value=
ac_cv_env_LDFLAGS_set=
ac_cv_env_LDFLAGS_value=
ac_cv_env_build_alias_set=
ac_cv_env_build_alias_value=
ac_cv_env_host_alias_set=
ac_cv_env_host_alias_value=
ac_cv_env_target_alias_set=
ac_cv_env_target_alias_value=
ac_cv_header_stdc=yes
ac_cv_lib_crypto_EVP_CIPHER_CTX_init=yes
ac_cv_lib_ssl_SSL_library_init=yes
ac_cv_lib_z_deflate=yes
ac_cv_objext=o
ac_cv_path_EGREP='/bin/grep -E'
ac_cv_path_GREP=/bin/grep
ac_cv_path_install='/usr/bin/install -c'
ac_cv_prog_CPP='gcc -E'
ac_cv_prog_ac_ct_CC=gcc
ac_cv_prog_cc_c89=
ac_cv_prog_cc_g=yes
ac_cv_prog_make_make_set=yes

## ----------------- ##
## Output variables. ##
## ----------------- ##

CC='gcc'
CFLAGS='-g -O2'
CPP='gcc -E'
CPPFLAGS=''
DEFS='-DPACKAGE_NAME=\"\" -DPACKAGE_TARNAME=\"\" -DPACKAGE_VERSION=\"\" -DPACKAGE_STRING=\"\" -DPACKAGE_BUGREPORT=\"\" -DSTDC_HEADERS=1 -DHAVE_LIBZ=1 -D_LARGEFILE64_SOURCE=1 -D_FILE_OFFSET_BITS=64 -DHAVE_LIBSSL=1 -DHAVE_LIBCRYPTO=1'
ECHO_C=''
ECHO_N='-n'
ECHO_T=''
EGREP='/bin/grep -E'
EXEEXT=''
GREP='/bin/grep'
INSTALL_DATA='${INSTALL} -m 644'
INSTALL_PROGRAM='${INSTALL}'
INSTALL_SCRIPT='${INSTALL}'
LDFLAGS=''
LIBOBJS=''
LIBS='-lcrypto -lssl -lz '
LTLIBOBJS=''
OBJEXT='o'
PACKAGE_BUGREPORT=''
PACKAGE_NAME=''
PACKAGE_STRING=''
PACKAGE_TARNAME=''
PACKAGE_VERSION=''
PATH_SEPARATOR=':'
SET_MAKE=''
SHELL='/bin/sh'
VERSION='1.2.1'
ac_ct_CC='gcc'
bindir='${exec_prefix}/bin'
build_alias=''
datadir='${datarootdir}'
datarootdir='${prefix}/share'
docdir='${datarootdir}/doc/${PACKAGE}'
dvidir='${docdir}'
exec_prefix='${prefix}'
host_alias=''
htmldir='${docdir}'
includedir='${prefix}/include'
infodir='${datarootdir}/info'
libdir='${exec_prefix}/lib'
libexecdir='${exec_prefix}/libexec'
localedir='${datarootdir}/locale'
localstatedir='${prefix}/var'
mandir='${datarootdir}/man'
oldincludedir='/usr/include'
pdfdir='${docdir}'
prefix='/usr/local'
program_transform_name='s,x,x,'
psdir='${docdir}'
sbindir='${exec_prefix}/sbin'
sharedstatedir='${prefix}/com'
subdirs=' libUseful-2.0'
sysconfdir='${prefix}/etc'
target_alias=''

## ----------- ##
## confdefs.h. ##
## ----------- ##

#define PACKAGE_NAME ""
#define PACKAGE_TARNAME ""
#define PACKAGE_VERSION ""
#define PACKAGE_STRING ""
#define PACKAGE_BUGREPORT ""
#define STDC_HEADERS 1
#define HAVE_LIBZ 1
#define _LARGEFILE64_SOURCE 1
#define _FILE_OFFSET_BITS 64
#define HAVE_LIBSSL 1
#define HAVE_LIBCRYPTO 1

configure: exit 0
