
## ---------------------- ##
## Running config.status. ##
## ---------------------- ##

This file was extended by lame config.status 3.99.5, which was
generated by GNU Autoconf 2.68.  Invocation command line was

  CONFIG_FILES    = 
  CONFIG_HEADERS  = 
  CONFIG_LINKS    = 
  CONFIG_COMMANDS = 
  $ ./config.status 

on Chacku

config.status:1201: creating Makefile
config.status:1201: creating libmp3lame/Makefile
config.status:1201: creating libmp3lame/i386/Makefile
config.status:1201: creating libmp3lame/vector/Makefile
config.status:1201: creating frontend/Makefile
config.status:1201: creating mpglib/Makefile
config.status:1201: creating doc/Makefile
config.status:1201: creating doc/html/Makefile
config.status:1201: creating doc/man/Makefile
config.status:1201: creating include/Makefile
config.status:1201: creating Dll/Makefile
config.status:1201: creating misc/Makefile
config.status:1201: creating debian/Makefile
config.status:1201: creating dshow/Makefile
config.status:1201: creating ACM/Makefile
config.status:1201: creating ACM/ADbg/Makefile
config.status:1201: creating ACM/ddk/Makefile
config.status:1201: creating ACM/tinyxml/Makefile
config.status:1201: creating lame.spec
config.status:1201: creating mac/Makefile
config.status:1201: creating macosx/Makefile
config.status:1201: creating macosx/English.lproj/Makefile
config.status:1201: creating macosx/LAME.xcodeproj/Makefile
config.status:1201: creating vc_solution/Makefile
config.status:1201: creating config.h
config.status:1382: config.h is unchanged
config.status:1430: executing depfiles commands
config.status:1430: executing libtool commands
